<?xml version="1.0" encoding="UTF-8"?>
<testsuite xmlns:xsi="http://www.w3.org/2001/XMLSchema-instance" xsi:noNamespaceSchemaLocation="https://maven.apache.org/surefire/maven-surefire-plugin/xsd/surefire-test-report.xsd" version="3.0.2" name="com.gateway.filter.RateLimitFilterTest" time="0.033" tests="2" errors="0" skipped="0" failures="0">
  <properties>
[...]
</properties>
  <testcase name="shouldReturn429WhenOverLimit" classname="com.gateway.filter.RateLimitFilterTest" time="0.021"/>
  <testcase name="shouldPassThroughWhenAllowed" classname="com.gateway.filter.RateLimitFilterTest" time="0.012"/>
</testsuite>